app/build/outputs/logs/manifest-merger-debug-report.txt
-- Merging decision tree log ---
manifest
ADDED from src\main\AndroidManifest.xml:2:1-181:12
	xmlns:android
		ADDED from src\main\AndroidManifest.xml:2:11-69
	package
		ADDED from src\main\AndroidManifest.xml:3:5-44
		INJECTED from src\main\AndroidManifest.xml
		INJECTED from src\main\AndroidManifest.xml
	android:versionName
		ADDED from src\main\AndroidManifest.xml:5:5-30
		INJECTED from src\main\AndroidManifest.xml
		INJECTED from src\main\AndroidManifest.xml
	android:versionCode
		ADDED from src\main\AndroidManifest.xml:4:5-28
		INJECTED from src\main\AndroidManifest.xml
		INJECTED from src\main\AndroidManifest.xml
uses-sdk
ADDED from src\main\AndroidManifest.xml:7:5-9:40
	android:targetSdkVersion
		ADDED from src\main\AndroidManifest.xml:9:9-37
		INJECTED from src\main\AndroidManifest.xml
		INJECTED from src\main\AndroidManifest.xml
	android:minSdkVersion
		ADDED from src\main\AndroidManifest.xml:8:9-34
		INJECTED from src\main\AndroidManifest.xml
		INJECTED from src\main\AndroidManifest.xml
uses-permission#android.permission.INTERNET
ADDED from src\main\AndroidManifest.xml:11:5-67
	android:name
		ADDED from src\main\AndroidManifest.xml:11:22-64
uses-permission#android.permission.RECORD_AUDIO
ADDED from src\main\AndroidManifest.xml:12:5-71
	android:name
		ADDED from src\main\AndroidManifest.xml:12:22-68
uses-permission#android.permission.CALL_PHONE
ADDED from src\main\AndroidManifest.xml:13:5-68
	android:name
		ADDED from src\main\AndroidManifest.xml:13:22-66
uses-permission#android.permission.WRITE_EXTERNAL_STORAGE
ADDED from src\main\AndroidManifest.xml:14:5-80
	android:name
		ADDED from src\main\AndroidManifest.xml:14:22-78
uses-permission#android.permission.MOUNT_UNMOUNT_FILESYSTEMS
ADDED from src\main\AndroidManifest.xml:15:5-84
	android:name
		ADDED from src\main\AndroidManifest.xml:15:22-81
application
ADDED from src\main\AndroidManifest.xml:17:5-179:19
	android:label
		ADDED from src\main\AndroidManifest.xml:21:9-41
	android:allowBackup
		ADDED from src\main\AndroidManifest.xml:19:9-35
	android:icon
		ADDED from src\main\AndroidManifest.xml:20:9-45
	android:theme
		ADDED from src\main\AndroidManifest.xml:22:9-45
	android:name
		ADDED from src\main\AndroidManifest.xml:18:9-66
activity#com.shopnc_local_life.android.ui.StartActivity
ADDED from src\main\AndroidManifest.xml:23:9-33:20
	android:windowSoftInputMode
		ADDED from src\main\AndroidManifest.xml:27:13-64
	android:screenOrientation
		ADDED from src\main\AndroidManifest.xml:26:13-49
	android:label
		ADDED from src\main\AndroidManifest.xml:25:13-45
	android:name
		ADDED from src\main\AndroidManifest.xml:24:13-45
intent-filter#android.intent.action.MAIN+android.intent.category.LAUNCHER
ADDED from src\main\AndroidManifest.xml:28:13-32:29
action#android.intent.action.MAIN
ADDED from src\main\AndroidManifest.xml:29:17-69
	android:name
		ADDED from src\main\AndroidManifest.xml:29:25-66
category#android.intent.category.LAUNCHER
ADDED from src\main\AndroidManifest.xml:31:17-77
	android:name
		ADDED from src\main\AndroidManifest.xml:31:27-74
activity#com.shopnc_local_life.android.ui.test.Viewdoor
ADDED from src\main\AndroidManifest.xml:34:9-37:67
	android:windowSoftInputMode
		ADDED from src\main\AndroidManifest.xml:37:13-64
	android:screenOrientation
		ADDED from src\main\AndroidManifest.xml:36:13-49
	android:name
		ADDED from src\main\AndroidManifest.xml:35:13-45
activity#com.shopnc_local_life.android.ui.MainActivity
ADDED from src\main\AndroidManifest.xml:38:9-41:67
	android:windowSoftInputMode
		ADDED from src\main\AndroidManifest.xml:41:13-64
	android:screenOrientation
		ADDED from src\main\AndroidManifest.xml:40:13-49
	android:name
		ADDED from src\main\AndroidManifest.xml:39:13-44
activity#com.shopnc_local_life.android.ui.home.HomeActivity
ADDED from src\main\AndroidManifest.xml:42:9-45:67
	android:windowSoftInputMode
		ADDED from src\main\AndroidManifest.xml:45:13-64
	android:screenOrientation
		ADDED from src\main\AndroidManifest.xml:44:13-49
	android:name
		ADDED from src\main\AndroidManifest.xml:43:13-49
activity#com.shopnc_local_life.android.ui.home.SearchActivity
ADDED from src\main\AndroidManifest.xml:46:10-49:52
	android:windowSoftInputMode
		ADDED from src\main\AndroidManifest.xml:48:13-64
	android:screenOrientation
		ADDED from src\main\AndroidManifest.xml:49:13-49
	android:name
		ADDED from src\main\AndroidManifest.xml:47:13-51
activity#com.shopnc_local_life.android.ui.home.MoreCategoryActivity
ADDED from src\main\AndroidManifest.xml:50:11-53:52
	android:windowSoftInputMode
		ADDED from src\main\AndroidManifest.xml:52:13-64
	android:screenOrientation
		ADDED from src\main\AndroidManifest.xml:53:13-49
	android:name
		ADDED from src\main\AndroidManifest.xml:51:13-57
activity#com.shopnc_local_life.android.ui.Store.StoreListActivity
ADDED from src\main\AndroidManifest.xml:54:10-57:67
	android:windowSoftInputMode
		ADDED from src\main\AndroidManifest.xml:57:13-64
	android:screenOrientation
		ADDED from src\main\AndroidManifest.xml:56:13-49
	android:name
		ADDED from src\main\AndroidManifest.xml:55:13-55
activity#com.shopnc_local_life.android.ui.Store.StoreDetailsActivity
ADDED from src\main\AndroidManifest.xml:58:10-61:67
	android:windowSoftInputMode
		ADDED from src\main\AndroidManifest.xml:61:13-64
	android:screenOrientation
		ADDED from src\main\AndroidManifest.xml:60:13-49
	android:name
		ADDED from src\main\AndroidManifest.xml:59:13-58
activity#com.shopnc_local_life.android.ui.Store.StoreCommentShowPhotoDownActivity
ADDED from src\main\AndroidManifest.xml:62:10-65:67
	android:windowSoftInputMode
		ADDED from src\main\AndroidManifest.xml:65:13-64
	android:screenOrientation
		ADDED from src\main\AndroidManifest.xml:64:13-49
	android:name
		ADDED from src\main\AndroidManifest.xml:63:13-71
activity#com.shopnc_local_life.android.ui.Store.CommentAllListActivity
ADDED from src\main\AndroidManifest.xml:66:11-69:67
	android:windowSoftInputMode
		ADDED from src\main\AndroidManifest.xml:69:13-64
	android:screenOrientation
		ADDED from src\main\AndroidManifest.xml:68:13-49
	android:name
		ADDED from src\main\AndroidManifest.xml:67:13-60
activity#com.shopnc_local_life.android.ui.Store.AddCommentActivity
ADDED from src\main\AndroidManifest.xml:70:12-74:16
	android:windowSoftInputMode
		ADDED from src\main\AndroidManifest.xml:73:13-64
	android:screenOrientation
		ADDED from src\main\AndroidManifest.xml:72:13-49
	android:name
		ADDED from src\main\AndroidManifest.xml:71:13-56
activity#com.shopnc_local_life.android.ui.city.CityActivity
ADDED from src\main\AndroidManifest.xml:75:9-78:67
	android:windowSoftInputMode
		ADDED from src\main\AndroidManifest.xml:78:13-64
	android:screenOrientation
		ADDED from src\main\AndroidManifest.xml:77:13-49
	android:name
		ADDED from src\main\AndroidManifest.xml:76:13-49
activity#com.shopnc_local_life.android.ui.tuan.TuanAcitivity
ADDED from src\main\AndroidManifest.xml:79:9-82:67
	android:windowSoftInputMode
		ADDED from src\main\AndroidManifest.xml:82:13-64
	android:screenOrientation
		ADDED from src\main\AndroidManifest.xml:81:13-49
	android:name
		ADDED from src\main\AndroidManifest.xml:80:13-50
activity#com.shopnc_local_life.android.ui.tuan.TuanDetailsActivity
ADDED from src\main\AndroidManifest.xml:83:9-86:67
	android:windowSoftInputMode
		ADDED from src\main\AndroidManifest.xml:86:13-64
	android:screenOrientation
		ADDED from src\main\AndroidManifest.xml:85:13-49
	android:name
		ADDED from src\main\AndroidManifest.xml:84:13-56
activity#com.shopnc_local_life.android.ui.tuan.SubmitOrderActivity
ADDED from src\main\AndroidManifest.xml:87:12-90:67
	android:windowSoftInputMode
		ADDED from src\main\AndroidManifest.xml:90:13-64
	android:screenOrientation
		ADDED from src\main\AndroidManifest.xml:89:13-49
	android:name
		ADDED from src\main\AndroidManifest.xml:88:13-56
activity#com.shopnc_local_life.android.ui.tuan.FukuanActivity
ADDED from src\main\AndroidManifest.xml:91:14-94:67
	android:windowSoftInputMode
		ADDED from src\main\AndroidManifest.xml:94:13-64
	android:screenOrientation
		ADDED from src\main\AndroidManifest.xml:93:13-49
	android:name
		ADDED from src\main\AndroidManifest.xml:92:13-51
activity#com.shopnc_local_life.android.ui.tuan.ConfirmOrderActivity
ADDED from src\main\AndroidManifest.xml:95:13-98:67
	android:windowSoftInputMode
		ADDED from src\main\AndroidManifest.xml:98:13-64
	android:screenOrientation
		ADDED from src\main\AndroidManifest.xml:97:13-49
	android:name
		ADDED from src\main\AndroidManifest.xml:96:13-57
activity#com.shopnc_local_life.android.ui.test.TestActivity
ADDED from src\main\AndroidManifest.xml:99:9-102:67
	android:windowSoftInputMode
		ADDED from src\main\AndroidManifest.xml:102:13-64
	android:screenOrientation
		ADDED from src\main\AndroidManifest.xml:101:13-49
	android:name
		ADDED from src\main\AndroidManifest.xml:100:13-49
activity#com.shopnc_local_life.android.ui.check.CheckActivity
ADDED from src\main\AndroidManifest.xml:103:9-106:67
	android:windowSoftInputMode
		ADDED from src\main\AndroidManifest.xml:106:13-64
	android:screenOrientation
		ADDED from src\main\AndroidManifest.xml:105:13-49
	android:name
		ADDED from src\main\AndroidManifest.xml:104:13-51
activity#com.shopnc_local_life.android.ui.topic.TopicActivity
ADDED from src\main\AndroidManifest.xml:107:9-110:67
	android:windowSoftInputMode
		ADDED from src\main\AndroidManifest.xml:110:13-64
	android:screenOrientation
		ADDED from src\main\AndroidManifest.xml:109:13-49
	android:name
		ADDED from src\main\AndroidManifest.xml:108:13-51
activity#com.shopnc_local_life.android.ui.my.MyActivity
ADDED from src\main\AndroidManifest.xml:111:9-114:67
	android:windowSoftInputMode
		ADDED from src\main\AndroidManifest.xml:114:13-64
	android:screenOrientation
		ADDED from src\main\AndroidManifest.xml:113:13-49
	android:name
		ADDED from src\main\AndroidManifest.xml:112:13-45
activity#com.shopnc_local_life.android.ui.my.HtmlLoginActivity
ADDED from src\main\AndroidManifest.xml:115:9-118:67
	android:windowSoftInputMode
		ADDED from src\main\AndroidManifest.xml:118:13-64
	android:screenOrientation
		ADDED from src\main\AndroidManifest.xml:117:13-49
	android:name
		ADDED from src\main\AndroidManifest.xml:116:13-52
activity#com.shopnc_local_life.android.ui.my.OrderTabListActivity
ADDED from src\main\AndroidManifest.xml:119:9-122:67
	android:windowSoftInputMode
		ADDED from src\main\AndroidManifest.xml:122:13-64
	android:screenOrientation
		ADDED from src\main\AndroidManifest.xml:121:13-49
	android:name
		ADDED from src\main\AndroidManifest.xml:120:13-55
activity#com.shopnc_local_life.android.ui.my.OrderTabItemActivity
ADDED from src\main\AndroidManifest.xml:123:9-126:67
	android:windowSoftInputMode
		ADDED from src\main\AndroidManifest.xml:126:13-64
	android:screenOrientation
		ADDED from src\main\AndroidManifest.xml:125:13-49
	android:name
		ADDED from src\main\AndroidManifest.xml:124:13-55
activity#com.shopnc_local_life.android.ui.my.OrderFlagListActivity
ADDED from src\main\AndroidManifest.xml:127:9-130:67
	android:windowSoftInputMode
		ADDED from src\main\AndroidManifest.xml:130:13-64
	android:screenOrientation
		ADDED from src\main\AndroidManifest.xml:129:13-49
	android:name
		ADDED from src\main\AndroidManifest.xml:128:13-56
activity#com.shopnc_local_life.android.ui.my.MyCouponActivity
ADDED from src\main\AndroidManifest.xml:131:9-134:67
	android:windowSoftInputMode
		ADDED from src\main\AndroidManifest.xml:134:13-64
	android:screenOrientation
		ADDED from src\main\AndroidManifest.xml:133:13-49
	android:name
		ADDED from src\main\AndroidManifest.xml:132:13-51
activity#com.shopnc_local_life.android.ui.my.LoginActivity
ADDED from src\main\AndroidManifest.xml:135:9-138:67
	android:windowSoftInputMode
		ADDED from src\main\AndroidManifest.xml:138:13-64
	android:screenOrientation
		ADDED from src\main\AndroidManifest.xml:137:13-49
	android:name
		ADDED from src\main\AndroidManifest.xml:136:13-48
activity#com.shopnc_local_life.android.ui.my.MyCardActivity
ADDED from src\main\AndroidManifest.xml:139:9-142:67
	android:windowSoftInputMode
		ADDED from src\main\AndroidManifest.xml:142:13-64
	android:screenOrientation
		ADDED from src\main\AndroidManifest.xml:141:13-49
	android:name
		ADDED from src\main\AndroidManifest.xml:140:13-49
activity#com.shopnc_local_life.android.ui.my.EditMyDetailsActivity
ADDED from src\main\AndroidManifest.xml:143:9-146:67
	android:windowSoftInputMode
		ADDED from src\main\AndroidManifest.xml:146:13-64
	android:screenOrientation
		ADDED from src\main\AndroidManifest.xml:145:13-49
	android:name
		ADDED from src\main\AndroidManifest.xml:144:13-56
activity#com.shopnc_local_life.android.ui.more.MoreActivity
ADDED from src\main\AndroidManifest.xml:147:9-150:67
	android:windowSoftInputMode
		ADDED from src\main\AndroidManifest.xml:150:13-64
	android:screenOrientation
		ADDED from src\main\AndroidManifest.xml:149:13-49
	android:name
		ADDED from src\main\AndroidManifest.xml:148:13-49
activity#com.shopnc_local_life.android.ui.more.HelpActivity
ADDED from src\main\AndroidManifest.xml:151:10-154:67
	android:windowSoftInputMode
		ADDED from src\main\AndroidManifest.xml:154:13-64
	android:screenOrientation
		ADDED from src\main\AndroidManifest.xml:153:13-49
	android:name
		ADDED from src\main\AndroidManifest.xml:152:13-49
activity#com.shopnc_local_life.android.ui.more.AboutActivity
ADDED from src\main\AndroidManifest.xml:155:11-158:67
	android:windowSoftInputMode
		ADDED from src\main\AndroidManifest.xml:158:13-64
	android:screenOrientation
		ADDED from src\main\AndroidManifest.xml:157:13-49
	android:name
		ADDED from src\main\AndroidManifest.xml:156:13-50
activity#com.shopnc_local_life.android.ui.youhuiquan.YouHuiQuanActivity
ADDED from src\main\AndroidManifest.xml:159:9-162:67
	android:windowSoftInputMode
		ADDED from src\main\AndroidManifest.xml:162:13-64
	android:screenOrientation
		ADDED from src\main\AndroidManifest.xml:161:13-49
	android:name
		ADDED from src\main\AndroidManifest.xml:160:13-61
activity#com.shopnc_local_life.android.ui.youhuiquan.YouHuiQuanDetalisActivity
ADDED from src\main\AndroidManifest.xml:163:9-166:67
	android:windowSoftInputMode
		ADDED from src\main\AndroidManifest.xml:166:13-64
	android:screenOrientation
		ADDED from src\main\AndroidManifest.xml:165:13-49
	android:name
		ADDED from src\main\AndroidManifest.xml:164:13-68
activity#com.shopnc_local_life.android.ui.youhuiquan.YouHuiQuanShowPhotoDownActivity
ADDED from src\main\AndroidManifest.xml:167:10-170:67
	android:windowSoftInputMode
		ADDED from src\main\AndroidManifest.xml:170:13-64
	android:screenOrientation
		ADDED from src\main\AndroidManifest.xml:169:13-49
	android:name
		ADDED from src\main\AndroidManifest.xml:168:13-74
activity#com.shopnc_local_life.android.ui.card.CardListActivity
ADDED from src\main\AndroidManifest.xml:171:9-174:67
	android:windowSoftInputMode
		ADDED from src\main\AndroidManifest.xml:174:13-64
	android:screenOrientation
		ADDED from src\main\AndroidManifest.xml:173:13-49
	android:name
		ADDED from src\main\AndroidManifest.xml:172:13-53
activity#com.shopnc_local_life.android.ui.card.CardDetalisActivity
ADDED from src\main\AndroidManifest.xml:175:9-178:67
	android:windowSoftInputMode
		ADDED from src\main\AndroidManifest.xml:178:13-64
	android:screenOrientation
		ADDED from src\main\AndroidManifest.xml:177:13-49
	android:name
		ADDED from src\main\AndroidManifest.xml:176:13-56